<?xml version="1.0" encoding="UTF-8"?>
<!-- Generated by org.testng.reporters.JUnitReportReporter -->
<testsuite skipped="0" hostname="DESKTOP-HFRRMCU" name="test.java.TestExecutable.TestngMain" tests="2" failures="0" timestamp="02 May 2021 05:53:31 GMT" time="50.284" errors="0">
  <testcase name="test" time="5.468" classname="test.java.TestExecutable.TestngMain"/>
  <testcase name="test" time="44.816" classname="test.java.TestExecutable.TestngMain"/>
</testsuite> <!-- test.java.TestExecutable.TestngMain -->
